#
# There is insufficient memory for the Java Runtime Environment to continue.
# Native memory allocation (malloc) failed to allocate 938576 bytes for Chunk::new
# Possible reasons:
#   The system is out of physical RAM or swap space
#   The process is running with CompressedOops enabled, and the Java Heap may be blocking the growth of the native heap
# Possible solutions:
#   Reduce memory load on the system
#   Increase physical memory or swap space
#   Check if swap backing store is full
#   Decrease Java heap size (-Xmx/-Xms)
#   Decrease number of Java threads
#   Decrease Java thread stack sizes (-Xss)
#   Set larger code cache with -XX:ReservedCodeCacheSize=
#   JVM is running with Unscaled Compressed Oops mode in which the Java heap is
#     placed in the first 4GB address space. The Java Heap base address is the
#     maximum limit for the native heap growth. Please use -XX:HeapBaseMinAddress
#     to set the Java Heap base and to place the Java Heap above 4GB virtual address.
# This output file may be truncated or incomplete.
#
#  Out of Memory Error (./src/hotspot/share/memory/arena.cpp:197), pid=692, tid=13476
#
# JRE version: OpenJDK Runtime Environment (11.0.10) (build 11.0.10+0-b96-7249189)
# Java VM: OpenJDK 64-Bit Server VM (11.0.10+0-b96-7249189, mixed mode, tiered, compressed oops, g1 gc, windows-amd64)
# No core dump will be written. Minidumps are not enabled by default on client versions of Windows
#

---------------  S U M M A R Y ------------

Command Line: --add-opens=java.base/java.util=ALL-UNNAMED --add-opens=java.base/java.lang=ALL-UNNAMED --add-opens=java.base/java.lang.invoke=ALL-UNNAMED --add-opens=java.base/java.util=ALL-UNNAMED --add-opens=java.prefs/java.util.prefs=ALL-UNNAMED --add-opens=java.prefs/java.util.prefs=ALL-UNNAMED --add-opens=java.base/java.nio.charset=ALL-UNNAMED --add-opens=java.base/java.net=ALL-UNNAMED --add-opens=java.base/java.util.concurrent.atomic=ALL-UNNAMED -Xmx2048m -Dfile.encoding=UTF-8 -Duser.country=CN -Duser.language=zh -Duser.variant org.gradle.launcher.daemon.bootstrap.GradleDaemon 7.0.2

Host: Intel(R) Core(TM) i5-8250U CPU @ 1.60GHz, 8 cores, 7G,  Windows 10 , 64 bit Build 22454 (10.0.22454.1000)
Time: Thu Sep 16 20:24:17 2021 中国标准时间 elapsed time: 28.619484 seconds (0d 0h 0m 28s)

---------------  T H R E A D  ---------------

Current thread (0x0000025c30d14000):  JavaThread "C2 CompilerThread2" daemon [_thread_in_native, id=13476, stack(0x0000006c5db00000,0x0000006c5dc00000)]


Current CompileTask:
C2:  28619 11531       4       org.gradle.tooling.internal.adapter.ProtocolToModelAdapter$SafeMethodInvoker::invoke (118 bytes)

Stack: [0x0000006c5db00000,0x0000006c5dc00000]
Native frames: (J=compiled Java code, j=interpreted, Vv=VM code, C=native code)
V  [jvm.dll+0x5ecfaa]
V  [jvm.dll+0x722bd5]
V  [jvm.dll+0x72412d]
V  [jvm.dll+0x7247e3]
V  [jvm.dll+0x242928]
V  [jvm.dll+0xbc4fc]
V  [jvm.dll+0xbca0c]
V  [jvm.dll+0x1fae51]
V  [jvm.dll+0x584a45]
V  [jvm.dll+0x58380e]
V  [jvm.dll+0x1fb4a2]
V  [jvm.dll+0x1fa7f4]
V  [jvm.dll+0x18354c]
V  [jvm.dll+0x208ee7]
V  [jvm.dll+0x207731]
V  [jvm.dll+0x6eb1cf]
V  [jvm.dll+0x6e3d45]
V  [jvm.dll+0x5ebe96]
C  [ucrtbase.dll+0x292fc]
C  [KERNEL32.DLL+0x16d50]
C  [ntdll.dll+0x4c6b]


---------------  P R O C E S S  ---------------

Threads class SMR info:
_java_thread_list=0x0000025c2e5f6f90, length=52, elements={
0x0000025c0dc15000, 0x0000025c2a03d000, 0x0000025c2a04a000, 0x0000025c2a8ce800,
0x0000025c2a05d800, 0x0000025c2a919000, 0x0000025c2a91e000, 0x0000025c2a91f000,
0x0000025c2a927800, 0x0000025c2aa83000, 0x0000025c2aa81000, 0x0000025c2aa82000,
0x0000025c2aa7f800, 0x0000025c2aa83800, 0x0000025c2aa84800, 0x0000025c2aa7e800,
0x0000025c2aa85000, 0x0000025c2aa80800, 0x0000025c2c6c6000, 0x0000025c2c6c6800,
0x0000025c2c6c7800, 0x0000025c2c6c2000, 0x0000025c2c6c8800, 0x0000025c2c6c5000,
0x0000025c2c6c2800, 0x0000025c2c6c9000, 0x0000025c2c6c3800, 0x0000025c2c6ca000,
0x0000025c2c6c4800, 0x0000025c2c6ce000, 0x0000025c2c6cf800, 0x0000025c2c6cf000,
0x0000025c2c6d0800, 0x0000025c2c6cd800, 0x0000025c2c6cb000, 0x0000025c2c6cb800,
0x0000025c2c6cc800, 0x0000025c2df74000, 0x0000025c2df76000, 0x0000025c2df78000,
0x0000025c2df7c000, 0x0000025c2df7a800, 0x0000025c2df79800, 0x0000025c2df7c800,
0x0000025c2df77000, 0x0000025c2df82800, 0x0000025c2df7d800, 0x0000025c2df7e800,
0x0000025c2df7f000, 0x0000025c2df81800, 0x0000025c30272000, 0x0000025c30d14000
}

Java Threads: ( => current thread )
  0x0000025c0dc15000 JavaThread "main" [_thread_blocked, id=19980, stack(0x0000006c5a500000,0x0000006c5a600000)]
  0x0000025c2a03d000 JavaThread "Reference Handler" daemon [_thread_blocked, id=19196, stack(0x0000006c5ac00000,0x0000006c5ad00000)]
  0x0000025c2a04a000 JavaThread "Finalizer" daemon [_thread_blocked, id=19488, stack(0x0000006c5ad00000,0x0000006c5ae00000)]
  0x0000025c2a8ce800 JavaThread "Signal Dispatcher" daemon [_thread_blocked, id=12524, stack(0x0000006c5ae00000,0x0000006c5af00000)]
  0x0000025c2a05d800 JavaThread "Attach Listener" daemon [_thread_blocked, id=8996, stack(0x0000006c5af00000,0x0000006c5b000000)]
  0x0000025c2a919000 JavaThread "Service Thread" daemon [_thread_blocked, id=9176, stack(0x0000006c5b000000,0x0000006c5b100000)]
  0x0000025c2a91e000 JavaThread "C2 CompilerThread0" daemon [_thread_in_native, id=13112, stack(0x0000006c5b100000,0x0000006c5b200000)]
  0x0000025c2a91f000 JavaThread "C1 CompilerThread0" daemon [_thread_blocked, id=4252, stack(0x0000006c5b200000,0x0000006c5b300000)]
  0x0000025c2a927800 JavaThread "Sweeper thread" daemon [_thread_blocked, id=16272, stack(0x0000006c5b300000,0x0000006c5b400000)]
  0x0000025c2aa83000 JavaThread "Common-Cleaner" daemon [_thread_blocked, id=13984, stack(0x0000006c5b400000,0x0000006c5b500000)]
  0x0000025c2aa81000 JavaThread "Daemon health stats" [_thread_blocked, id=18388, stack(0x0000006c5ba00000,0x0000006c5bb00000)]
  0x0000025c2aa82000 JavaThread "Incoming local TCP Connector on port 50188" [_thread_in_native, id=15872, stack(0x0000006c5b600000,0x0000006c5b700000)]
  0x0000025c2aa7f800 JavaThread "Daemon periodic checks" [_thread_blocked, id=10592, stack(0x0000006c5b700000,0x0000006c5b800000)]
  0x0000025c2aa83800 JavaThread "Daemon" [_thread_blocked, id=7608, stack(0x0000006c5bb00000,0x0000006c5bc00000)]
  0x0000025c2aa84800 JavaThread "Handler for socket connection from /127.0.0.1:50188 to /127.0.0.1:50189" [_thread_in_native, id=7724, stack(0x0000006c5bc00000,0x0000006c5bd00000)]
  0x0000025c2aa7e800 JavaThread "Cancel handler" [_thread_blocked, id=728, stack(0x0000006c5bd00000,0x0000006c5be00000)]
  0x0000025c2aa85000 JavaThread "Daemon worker" [_thread_in_native, id=3156, stack(0x0000006c5be00000,0x0000006c5bf00000)]
  0x0000025c2aa80800 JavaThread "Asynchronous log dispatcher for DefaultDaemonConnection: socket connection from /127.0.0.1:50188 to /127.0.0.1:50189" [_thread_blocked, id=5116, stack(0x0000006c5bf00000,0x0000006c5c000000)]
  0x0000025c2c6c6000 JavaThread "Stdin handler" [_thread_blocked, id=15920, stack(0x0000006c5c000000,0x0000006c5c100000)]
  0x0000025c2c6c6800 JavaThread "Daemon client event forwarder" [_thread_blocked, id=4476, stack(0x0000006c5c100000,0x0000006c5c200000)]
  0x0000025c2c6c7800 JavaThread "Cache worker for file hash cache (C:\Users\grieferpig\.gradle\caches\7.0.2\fileHashes)" [_thread_blocked, id=18948, stack(0x0000006c5c700000,0x0000006c5c800000)]
  0x0000025c2c6c2000 JavaThread "File lock request listener" [_thread_in_native, id=7268, stack(0x0000006c5c800000,0x0000006c5c900000)]
  0x0000025c2c6c8800 JavaThread "Cache worker for journal cache (C:\Users\grieferpig\.gradle\caches\journal-1)" [_thread_blocked, id=17996, stack(0x0000006c5ca00000,0x0000006c5cb00000)]
  0x0000025c2c6c5000 JavaThread "Cache worker for file hash cache (C:\Users\grieferpig\AndroidStudioProjects\PowerBox\.gradle\7.0.2\fileHashes)" [_thread_blocked, id=14436, stack(0x0000006c5cd00000,0x0000006c5ce00000)]
  0x0000025c2c6c2800 JavaThread "File watcher server" daemon [_thread_in_native, id=9580, stack(0x0000006c5ce00000,0x0000006c5cf00000)]
  0x0000025c2c6c9000 JavaThread "File watcher consumer" daemon [_thread_blocked, id=2776, stack(0x0000006c5cf00000,0x0000006c5d000000)]
  0x0000025c2c6c3800 JavaThread "jar transforms" [_thread_blocked, id=5404, stack(0x0000006c5d000000,0x0000006c5d100000)]
  0x0000025c2c6ca000 JavaThread "jar transforms Thread 2" [_thread_blocked, id=13012, stack(0x0000006c5d100000,0x0000006c5d200000)]
  0x0000025c2c6c4800 JavaThread "jar transforms Thread 3" [_thread_blocked, id=6892, stack(0x0000006c5d200000,0x0000006c5d300000)]
  0x0000025c2c6ce000 JavaThread "jar transforms Thread 4" [_thread_blocked, id=5676, stack(0x0000006c5d300000,0x0000006c5d400000)]
  0x0000025c2c6cf800 JavaThread "jar transforms Thread 5" [_thread_blocked, id=4020, stack(0x0000006c5d400000,0x0000006c5d500000)]
  0x0000025c2c6cf000 JavaThread "jar transforms Thread 6" [_thread_blocked, id=3052, stack(0x0000006c5d500000,0x0000006c5d600000)]
  0x0000025c2c6d0800 JavaThread "jar transforms Thread 7" [_thread_blocked, id=19308, stack(0x0000006c5d600000,0x0000006c5d700000)]
  0x0000025c2c6cd800 JavaThread "jar transforms Thread 8" [_thread_blocked, id=12404, stack(0x0000006c5d700000,0x0000006c5d800000)]
  0x0000025c2c6cb000 JavaThread "Cache worker for checksums cache (C:\Users\grieferpig\AndroidStudioProjects\PowerBox\.gradle\checksums)" [_thread_blocked, id=6788, stack(0x0000006c5d800000,0x0000006c5d900000)]
  0x0000025c2c6cb800 JavaThread "Cache worker for cache directory md-supplier (C:\Users\grieferpig\.gradle\caches\7.0.2\md-supplier)" [_thread_blocked, id=8548, stack(0x0000006c5d900000,0x0000006c5da00000)]
  0x0000025c2c6cc800 JavaThread "Cache worker for cache directory md-rule (C:\Users\grieferpig\.gradle\caches\7.0.2\md-rule)" [_thread_blocked, id=7932, stack(0x0000006c5da00000,0x0000006c5db00000)]
  0x0000025c2df74000 JavaThread "Cache worker for execution history cache (C:\Users\grieferpig\.gradle\caches\7.0.2\executionHistory)" [_thread_blocked, id=14232, stack(0x0000006c5cc00000,0x0000006c5cd00000)]
  0x0000025c2df76000 JavaThread "Cache worker for file content cache (C:\Users\grieferpig\.gradle\caches\7.0.2\fileContent)" [_thread_blocked, id=7028, stack(0x0000006c5dc00000,0x0000006c5dd00000)]
  0x0000025c2df78000 JavaThread "Cache worker for dependencies-accessors (C:\Users\grieferpig\AndroidStudioProjects\PowerBox\.gradle\7.0.2\dependencies-accessors)" [_thread_blocked, id=4316, stack(0x0000006c5dd00000,0x0000006c5de00000)]
  0x0000025c2df7c000 JavaThread "Cache worker for Build Output Cleanup Cache (C:\Users\grieferpig\AndroidStudioProjects\PowerBox\.gradle\buildOutputCleanup)" [_thread_blocked, id=5352, stack(0x0000006c5de00000,0x0000006c5df00000)]
  0x0000025c2df7a800 JavaThread "Build operations" [_thread_blocked, id=15748, stack(0x0000006c5df00000,0x0000006c5e000000)]
  0x0000025c2df79800 JavaThread "Build operations Thread 2" [_thread_blocked, id=3160, stack(0x0000006c5e000000,0x0000006c5e100000)]
  0x0000025c2df7c800 JavaThread "Build operations Thread 3" [_thread_blocked, id=12740, stack(0x0000006c5e100000,0x0000006c5e200000)]
  0x0000025c2df77000 JavaThread "Build operations Thread 4" [_thread_blocked, id=11824, stack(0x0000006c5e200000,0x0000006c5e300000)]
  0x0000025c2df82800 JavaThread "Build operations Thread 5" [_thread_blocked, id=20188, stack(0x0000006c5e300000,0x0000006c5e400000)]
  0x0000025c2df7d800 JavaThread "Build operations Thread 6" [_thread_blocked, id=1368, stack(0x0000006c5e400000,0x0000006c5e500000)]
  0x0000025c2df7e800 JavaThread "Build operations Thread 7" [_thread_blocked, id=19844, stack(0x0000006c5e500000,0x0000006c5e600000)]
  0x0000025c2df7f000 JavaThread "Build operations Thread 8" [_thread_blocked, id=14600, stack(0x0000006c5e600000,0x0000006c5e700000)]
  0x0000025c2df81800 JavaThread "Memory manager" [_thread_blocked, id=16824, stack(0x0000006c5e700000,0x0000006c5e800000)]
  0x0000025c30272000 JavaThread "C2 CompilerThread1" daemon [_thread_in_native, id=3084, stack(0x0000006c5cb00000,0x0000006c5cc00000)]
=>0x0000025c30d14000 JavaThread "C2 CompilerThread2" daemon [_thread_in_native, id=13476, stack(0x0000006c5db00000,0x0000006c5dc00000)]

Other Threads:
  0x0000025c2a002800 VMThread "VM Thread" [stack: 0x0000006c5ab00000,0x0000006c5ac00000] [id=19300]
  0x0000025c2aab0800 WatcherThread [stack: 0x0000006c5b500000,0x0000006c5b600000] [id=6644]
  0x0000025c0dc2f000 GCTaskThread "GC Thread#0" [stack: 0x0000006c5a600000,0x0000006c5a700000] [id=20320]
  0x0000025c2b7ea800 GCTaskThread "GC Thread#1" [stack: 0x0000006c5b800000,0x0000006c5b900000] [id=1580]
  0x0000025c2b619800 GCTaskThread "GC Thread#2" [stack: 0x0000006c5b900000,0x0000006c5ba00000] [id=19720]
  0x0000025c2cb80800 GCTaskThread "GC Thread#3" [stack: 0x0000006c5c200000,0x0000006c5c300000] [id=17160]
  0x0000025c2ae1e000 GCTaskThread "GC Thread#4" [stack: 0x0000006c5c300000,0x0000006c5c400000] [id=4596]
  0x0000025c2c433000 GCTaskThread "GC Thread#5" [stack: 0x0000006c5c400000,0x0000006c5c500000] [id=10432]
  0x0000025c2c84f800 GCTaskThread "GC Thread#6" [stack: 0x0000006c5c500000,0x0000006c5c600000] [id=3024]
  0x0000025c2aca0800 GCTaskThread "GC Thread#7" [stack: 0x0000006c5c600000,0x0000006c5c700000] [id=2820]
  0x0000025c0dc60800 ConcurrentGCThread "G1 Main Marker" [stack: 0x0000006c5a700000,0x0000006c5a800000] [id=6200]
  0x0000025c0dc63800 ConcurrentGCThread "G1 Conc#0" [stack: 0x0000006c5a800000,0x0000006c5a900000] [id=13988]
  0x0000025c2d8ae800 ConcurrentGCThread "G1 Conc#1" [stack: 0x0000006c5c900000,0x0000006c5ca00000] [id=7944]
  0x0000025c29e84800 ConcurrentGCThread "G1 Refine#0" [stack: 0x0000006c5a900000,0x0000006c5aa00000] [id=9252]
  0x0000025c29e86800 ConcurrentGCThread "G1 Young RemSet Sampling" [stack: 0x0000006c5aa00000,0x0000006c5ab00000] [id=20160]

Threads with active compile tasks:
C2 CompilerThread0  28676 11534       4       org.gradle.tooling.internal.adapter.ProtocolToModelAdapter$PropertyCachingMethodInvoker::invoke (110 bytes)
C2 CompilerThread1  28676 11528       4       org.gradle.tooling.internal.adapter.ProtocolToModelAdapter$SupportedPropertyInvoker::invoke (154 bytes)
C2 CompilerThread2  28677 11531       4       org.gradle.tooling.internal.adapter.ProtocolToModelAdapter$SafeMethodInvoker::invoke (118 bytes)

VM state:not at safepoint (normal execution)

VM Mutex/Monitor currently owned by a thread: None

Heap address: 0x0000000080000000, size: 2048 MB, Compressed Oops mode: 32-bit
Narrow klass base: 0x0000000000000000, Narrow klass shift: 3
Compressed class space size: 1073741824 Address: 0x0000000100000000

Heap:
 garbage-first heap   total 189440K, used 112426K [0x0000000080000000, 0x0000000100000000)
  region size 1024K, 17 young (17408K), 7 survivors (7168K)
 Metaspace       used 104578K, capacity 107523K, committed 107648K, reserved 1142784K
  class space    used 13582K, capacity 14657K, committed 14720K, reserved 1048576K
Heap Regions: E=young(eden), S=young(survivor), O=old, HS=humongous(starts), HC=humongous(continues), CS=collection set, F=free, A=archive, TAMS=top-at-mark-start (previous, next)
|   0|0x0000000080000000, 0x0000000080100000, 0x0000000080100000|100%| O|  |TAMS 0x0000000080100000, 0x0000000080000000| Untracked 
|   1|0x0000000080100000, 0x0000000080200000, 0x0000000080200000|100%| O|  |TAMS 0x0000000080200000, 0x0000000080100000| Untracked 
|   2|0x0000000080200000, 0x0000000080300000, 0x0000000080300000|100%| O|  |TAMS 0x0000000080300000, 0x0000000080200000| Untracked 
|   3|0x0000000080300000, 0x0000000080400000, 0x0000000080400000|100%|HS|  |TAMS 0x0000000080400000, 0x0000000080300000| Complete 
|   4|0x0000000080400000, 0x0000000080500000, 0x0000000080500000|100%|HC|  |TAMS 0x0000000080500000, 0x0000000080400000| Complete 
|   5|0x0000000080500000, 0x0000000080600000, 0x0000000080600000|100%|HC|  |TAMS 0x0000000080600000, 0x0000000080500000| Complete 
|   6|0x0000000080600000, 0x0000000080700000, 0x0000000080700000|100%| O|  |TAMS 0x0000000080700000, 0x0000000080600000| Untracked 
|   7|0x0000000080700000, 0x0000000080800000, 0x0000000080800000|100%| O|  |TAMS 0x0000000080800000, 0x0000000080700000| Untracked 
|   8|0x0000000080800000, 0x0000000080900000, 0x0000000080900000|100%| O|  |TAMS 0x0000000080900000, 0x0000000080800000| Untracked 
|   9|0x0000000080900000, 0x0000000080a00000, 0x0000000080a00000|100%| O|  |TAMS 0x0000000080a00000, 0x0000000080900000| Untracked 
|  10|0x0000000080a00000, 0x0000000080b00000, 0x0000000080b00000|100%| O|  |TAMS 0x0000000080b00000, 0x0000000080a00000| Untracked 
|  11|0x0000000080b00000, 0x0000000080c00000, 0x0000000080c00000|100%| O|  |TAMS 0x0000000080c00000, 0x0000000080b00000| Untracked 
|  12|0x0000000080c00000, 0x0000000080d00000, 0x0000000080d00000|100%| O|  |TAMS 0x0000000080d00000, 0x0000000080c00000| Untracked 
|  13|0x0000000080d00000, 0x0000000080e00000, 0x0000000080e00000|100%| O|  |TAMS 0x0000000080e00000, 0x0000000080d00000| Untracked 
|  14|0x0000000080e00000, 0x0000000080f00000, 0x0000000080f00000|100%| O|  |TAMS 0x0000000080f00000, 0x0000000080e00000| Untracked 
|  15|0x0000000080f00000, 0x0000000081000000, 0x0000000081000000|100%| O|  |TAMS 0x0000000081000000, 0x0000000080f00000| Untracked 
|  16|0x0000000081000000, 0x0000000081100000, 0x0000000081100000|100%|HS|  |TAMS 0x0000000081100000, 0x0000000081000000| Complete 
|  17|0x0000000081100000, 0x0000000081200000, 0x0000000081200000|100%|HC|  |TAMS 0x0000000081200000, 0x0000000081100000| Complete 
|  18|0x0000000081200000, 0x0000000081300000, 0x0000000081300000|100%|HS|  |TAMS 0x0000000081300000, 0x0000000081200000| Complete 
|  19|0x0000000081300000, 0x0000000081400000, 0x0000000081400000|100%|HC|  |TAMS 0x0000000081400000, 0x0000000081300000| Complete 
|  20|0x0000000081400000, 0x0000000081500000, 0x0000000081500000|100%|HC|  |TAMS 0x0000000081500000, 0x0000000081400000| Complete 
|  21|0x0000000081500000, 0x0000000081600000, 0x0000000081600000|100%|HS|  |TAMS 0x0000000081600000, 0x0000000081500000| Complete 
|  22|0x0000000081600000, 0x0000000081700000, 0x0000000081700000|100%|HC|  |TAMS 0x0000000081700000, 0x0000000081600000| Complete 
|  23|0x0000000081700000, 0x0000000081800000, 0x0000000081800000|100%|HC|  |TAMS 0x0000000081800000, 0x0000000081700000| Complete 
|  24|0x0000000081800000, 0x0000000081900000, 0x0000000081900000|100%|HC|  |TAMS 0x0000000081900000, 0x0000000081800000| Complete 
|  25|0x0000000081900000, 0x0000000081a00000, 0x0000000081a00000|100%|HC|  |TAMS 0x0000000081a00000, 0x0000000081900000| Complete 
|  26|0x0000000081a00000, 0x0000000081b00000, 0x0000000081b00000|100%| O|  |TAMS 0x0000000081b00000, 0x0000000081a00000| Untracked 
|  27|0x0000000081b00000, 0x0000000081c00000, 0x0000000081c00000|100%| O|  |TAMS 0x0000000081c00000, 0x0000000081b00000| Untracked 
|  28|0x0000000081c00000, 0x0000000081d00000, 0x0000000081d00000|100%| O|  |TAMS 0x0000000081d00000, 0x0000000081c00000| Untracked 
|  29|0x0000000081d00000, 0x0000000081e00000, 0x0000000081e00000|100%| O|  |TAMS 0x0000000081e00000, 0x0000000081d00000| Untracked 
|  30|0x0000000081e00000, 0x0000000081f00000, 0x0000000081f00000|100%| O|  |TAMS 0x0000000081f00000, 0x0000000081e00000| Untracked 
|  31|0x0000000081f00000, 0x0000000082000000, 0x0000000082000000|100%| O|  |TAMS 0x0000000082000000, 0x0000000081f00000| Untracked 
|  32|0x0000000082000000, 0x0000000082100000, 0x0000000082100000|100%| O|  |TAMS 0x0000000082100000, 0x0000000082000000| Untracked 
|  33|0x0000000082100000, 0x0000000082200000, 0x0000000082200000|100%| O|  |TAMS 0x0000000082200000, 0x0000000082100000| Untracked 
|  34|0x0000000082200000, 0x0000000082300000, 0x0000000082300000|100%| O|  |TAMS 0x0000000082300000, 0x0000000082200000| Untracked 
|  35|0x0000000082300000, 0x0000000082400000, 0x0000000082400000|100%| O|  |TAMS 0x0000000082400000, 0x0000000082300000| Untracked 
|  36|0x0000000082400000, 0x0000000082500000, 0x0000000082500000|100%|HS|  |TAMS 0x0000000082500000, 0x0000000082400000| Complete 
|  37|0x0000000082500000, 0x0000000082600000, 0x0000000082600000|100%|HC|  |TAMS 0x0000000082600000, 0x0000000082500000| Complete 
|  38|0x0000000082600000, 0x0000000082700000, 0x0000000082700000|100%|HC|  |TAMS 0x0000000082700000, 0x0000000082600000| Complete 
|  39|0x0000000082700000, 0x0000000082800000, 0x0000000082800000|100%|HC|  |TAMS 0x0000000082800000, 0x0000000082700000| Complete 
|  40|0x0000000082800000, 0x0000000082900000, 0x0000000082900000|100%|HC|  |TAMS 0x0000000082900000, 0x0000000082800000| Complete 
|  41|0x0000000082900000, 0x0000000082a00000, 0x0000000082a00000|100%| O|  |TAMS 0x0000000082a00000, 0x0000000082900000| Untracked 
|  42|0x0000000082a00000, 0x0000000082b00000, 0x0000000082b00000|100%| O|  |TAMS 0x0000000082b00000, 0x0000000082a00000| Untracked 
|  43|0x0000000082b00000, 0x0000000082c00000, 0x0000000082c00000|100%|HS|  |TAMS 0x0000000082c00000, 0x0000000082b00000| Complete 
|  44|0x0000000082c00000, 0x0000000082d00000, 0x0000000082d00000|100%|HC|  |TAMS 0x0000000082d00000, 0x0000000082c00000| Complete 
|  45|0x0000000082d00000, 0x0000000082e00000, 0x0000000082e00000|100%|HC|  |TAMS 0x0000000082e00000, 0x0000000082d00000| Complete 
|  46|0x0000000082e00000, 0x0000000082f00000, 0x0000000082f00000|100%| O|  |TAMS 0x0000000082f00000, 0x0000000082e00000| Untracked 
|  47|0x0000000082f00000, 0x0000000083000000, 0x0000000083000000|100%| O|  |TAMS 0x0000000083000000, 0x0000000082f00000| Untracked 
|  48|0x0000000083000000, 0x0000000083100000, 0x0000000083100000|100%| O|  |TAMS 0x0000000083100000, 0x0000000083000000| Untracked 
|  49|0x0000000083100000, 0x0000000083200000, 0x0000000083200000|100%| O|  |TAMS 0x0000000083200000, 0x0000000083100000| Untracked 
|  50|0x0000000083200000, 0x0000000083300000, 0x0000000083300000|100%| O|  |TAMS 0x0000000083300000, 0x0000000083200000| Untracked 
|  51|0x0000000083300000, 0x0000000083400000, 0x0000000083400000|100%| O|  |TAMS 0x0000000083400000, 0x0000000083300000| Untracked 
|  52|0x0000000083400000, 0x0000000083500000, 0x0000000083500000|100%| O|  |TAMS 0x0000000083500000, 0x0000000083400000| Untracked 
|  53|0x0000000083500000, 0x0000000083600000, 0x0000000083600000|100%| O|  |TAMS 0x0000000083600000, 0x0000000083500000| Untracked 
|  54|0x0000000083600000, 0x0000000083700000, 0x0000000083700000|100%|HS|  |TAMS 0x0000000083700000, 0x0000000083600000| Complete 
|  55|0x0000000083700000, 0x0000000083800000, 0x0000000083800000|100%|HS|  |TAMS 0x0000000083800000, 0x0000000083700000| Complete 
|  56|0x0000000083800000, 0x0000000083900000, 0x0000000083900000|100%|HS|  |TAMS 0x0000000083900000, 0x0000000083800000| Complete 
|  57|0x0000000083900000, 0x0000000083a00000, 0x0000000083a00000|100%|HC|  |TAMS 0x0000000083a00000, 0x0000000083900000| Complete 
|  58|0x0000000083a00000, 0x0000000083b00000, 0x0000000083b00000|100%| O|  |TAMS 0x0000000083b00000, 0x0000000083a00000| Untracked 
|  59|0x0000000083b00000, 0x0000000083c00000, 0x0000000083c00000|100%| O|  |TAMS 0x0000000083c00000, 0x0000000083b00000| Untracked 
|  60|0x0000000083c00000, 0x0000000083d00000, 0x0000000083d00000|100%| O|  |TAMS 0x0000000083d00000, 0x0000000083c00000| Untracked 
|  61|0x0000000083d00000, 0x0000000083e00000, 0x0000000083e00000|100%| O|  |TAMS 0x0000000083e00000, 0x0000000083d00000| Untracked 
|  62|0x0000000083e00000, 0x0000000083f00000, 0x0000000083f00000|100%| O|  |TAMS 0x0000000083f00000, 0x0000000083e00000| Untracked 
|  63|0x0000000083f00000, 0x0000000084000000, 0x0000000084000000|100%| O|  |TAMS 0x0000000084000000, 0x0000000083f00000| Untracked 
|  64|0x0000000084000000, 0x0000000084100000, 0x0000000084100000|100%| O|  |TAMS 0x0000000084100000, 0x0000000084000000| Untracked 
|  65|0x0000000084100000, 0x0000000084200000, 0x0000000084200000|100%| O|  |TAMS 0x0000000084200000, 0x0000000084100000| Untracked 
|  66|0x0000000084200000, 0x0000000084300000, 0x0000000084300000|100%| O|  |TAMS 0x0000000084300000, 0x0000000084200000| Untracked 
|  67|0x0000000084300000, 0x0000000084400000, 0x0000000084400000|100%| O|  |TAMS 0x0000000084400000, 0x0000000084300000| Untracked 
|  68|0x0000000084400000, 0x0000000084500000, 0x0000000084500000|100%| O|  |TAMS 0x0000000084500000, 0x0000000084400000| Untracked 
|  69|0x0000000084500000, 0x0000000084600000, 0x0000000084600000|100%| O|  |TAMS 0x0000000084600000, 0x0000000084500000| Untracked 
|  70|0x0000000084600000, 0x0000000084700000, 0x0000000084700000|100%| O|  |TAMS 0x0000000084700000, 0x0000000084600000| Untracked 
|  71|0x0000000084700000, 0x0000000084800000, 0x0000000084800000|100%| O|  |TAMS 0x0000000084800000, 0x0000000084700000| Untracked 
|  72|0x0000000084800000, 0x0000000084900000, 0x0000000084900000|100%| O|  |TAMS 0x0000000084900000, 0x0000000084800000| Untracked 
|  73|0x0000000084900000, 0x0000000084a00000, 0x0000000084a00000|100%| O|  |TAMS 0x0000000084a00000, 0x0000000084900000| Untracked 
|  74|0x0000000084a00000, 0x0000000084affff8, 0x0000000084b00000| 99%| O|  |TAMS 0x0000000084affff8, 0x0000000084a00000| Untracked 
|  75|0x0000000084b00000, 0x0000000084c00000, 0x0000000084c00000|100%| O|  |TAMS 0x0000000084c00000, 0x0000000084b00000| Untracked 
|  76|0x0000000084c00000, 0x0000000084d00000, 0x0000000084d00000|100%| O|  |TAMS 0x0000000084d00000, 0x0000000084c00000| Untracked 
|  77|0x0000000084d00000, 0x0000000084e00000, 0x0000000084e00000|100%| O|  |TAMS 0x0000000084e00000, 0x0000000084d00000| Untracked 
|  78|0x0000000084e00000, 0x0000000084f00000, 0x0000000084f00000|100%| O|  |TAMS 0x0000000084f00000, 0x0000000084e00000| Untracked 
|  79|0x0000000084f00000, 0x0000000085000000, 0x0000000085000000|100%| O|  |TAMS 0x0000000085000000, 0x0000000084f00000| Untracked 
|  80|0x0000000085000000, 0x0000000085100000, 0x0000000085100000|100%| O|  |TAMS 0x0000000085100000, 0x0000000085000000| Untracked 
|  81|0x0000000085100000, 0x0000000085200000, 0x0000000085200000|100%| O|  |TAMS 0x0000000085200000, 0x0000000085100000| Untracked 
|  82|0x0000000085200000, 0x0000000085300000, 0x0000000085300000|100%| O|  |TAMS 0x0000000085300000, 0x0000000085200000| Untracked 
|  83|0x0000000085300000, 0x0000000085400000, 0x0000000085400000|100%| O|  |TAMS 0x0000000085400000, 0x0000000085300000| Untracked 
|  84|0x0000000085400000, 0x0000000085500000, 0x0000000085500000|100%| O|  |TAMS 0x0000000085500000, 0x0000000085400000| Untracked 
|  85|0x0000000085500000, 0x0000000085600000, 0x0000000085600000|100%| O|  |TAMS 0x0000000085600000, 0x0000000085500000| Untracked 
|  86|0x0000000085600000, 0x0000000085700000, 0x0000000085700000|100%| O|  |TAMS 0x0000000085700000, 0x0000000085600000| Untracked 
|  87|0x0000000085700000, 0x0000000085800000, 0x0000000085800000|100%| O|  |TAMS 0x0000000085800000, 0x0000000085700000| Untracked 
|  88|0x0000000085800000, 0x0000000085900000, 0x0000000085900000|100%| O|  |TAMS 0x0000000085900000, 0x0000000085800000| Untracked 
|  89|0x0000000085900000, 0x0000000085a00000, 0x0000000085a00000|100%| O|  |TAMS 0x0000000085a00000, 0x0000000085900000| Untracked 
|  90|0x0000000085a00000, 0x0000000085b00000, 0x0000000085b00000|100%| O|  |TAMS 0x0000000085b00000, 0x0000000085a00000| Untracked 
|  91|0x0000000085b00000, 0x0000000085c00000, 0x0000000085c00000|100%| O|  |TAMS 0x0000000085b50200, 0x0000000085b00000| Untracked 
|  92|0x0000000085c00000, 0x0000000085d00000, 0x0000000085d00000|100%| O|  |TAMS 0x0000000085c00000, 0x0000000085c00000| Untracked 
|  93|0x0000000085d00000, 0x0000000085e00000, 0x0000000085e00000|100%| O|  |TAMS 0x0000000085d00000, 0x0000000085d00000| Untracked 
|  94|0x0000000085e00000, 0x0000000085e11800, 0x0000000085f00000|  6%| O|  |TAMS 0x0000000085e00000, 0x0000000085e00000| Untracked 
|  95|0x0000000085f00000, 0x0000000085f00000, 0x0000000086000000|  0%| F|  |TAMS 0x0000000085f00000, 0x0000000085f00000| Untracked 
|  96|0x0000000086000000, 0x0000000086000000, 0x0000000086100000|  0%| F|  |TAMS 0x0000000086000000, 0x0000000086000000| Untracked 
|  97|0x0000000086100000, 0x0000000086100000, 0x0000000086200000|  0%| F|  |TAMS 0x0000000086100000, 0x0000000086100000| Untracked 
|  98|0x0000000086200000, 0x0000000086200000, 0x0000000086300000|  0%| F|  |TAMS 0x0000000086200000, 0x0000000086200000| Untracked 
|  99|0x0000000086300000, 0x0000000086300000, 0x0000000086400000|  0%| F|  |TAMS 0x0000000086300000, 0x0000000086300000| Untracked 
| 100|0x0000000086400000, 0x0000000086400000, 0x0000000086500000|  0%| F|  |TAMS 0x0000000086400000, 0x0000000086400000| Untracked 
| 101|0x0000000086500000, 0x0000000086500000, 0x0000000086600000|  0%| F|  |TAMS 0x0000000086500000, 0x0000000086500000| Untracked 
| 102|0x0000000086600000, 0x0000000086600000, 0x0000000086700000|  0%| F|  |TAMS 0x0000000086600000, 0x0000000086600000| Untracked 
| 103|0x0000000086700000, 0x0000000086700000, 0x0000000086800000|  0%| F|  |TAMS 0x0000000086700000, 0x0000000086700000| Untracked 
| 104|0x0000000086800000, 0x0000000086800000, 0x0000000086900000|  0%| F|  |TAMS 0x0000000086800000, 0x0000000086800000| Untracked 
| 105|0x0000000086900000, 0x0000000086900000, 0x0000000086a00000|  0%| F|  |TAMS 0x0000000086900000, 0x0000000086900000| Untracked 
| 106|0x0000000086a00000, 0x0000000086a00000, 0x0000000086b00000|  0%| F|  |TAMS 0x0000000086a00000, 0x0000000086a00000| Untracked 
| 107|0x0000000086b00000, 0x0000000086b00000, 0x0000000086c00000|  0%| F|  |TAMS 0x0000000086b00000, 0x0000000086b00000| Untracked 
| 108|0x0000000086c00000, 0x0000000086c00000, 0x0000000086d00000|  0%| F|  |TAMS 0x0000000086c00000, 0x0000000086c00000| Untracked 
| 109|0x0000000086d00000, 0x0000000086d00000, 0x0000000086e00000|  0%| F|  |TAMS 0x0000000086d00000, 0x0000000086d00000| Untracked 
| 110|0x0000000086e00000, 0x0000000086e00000, 0x0000000086f00000|  0%| F|  |TAMS 0x0000000086e00000, 0x0000000086e00000| Untracked 
| 111|0x0000000086f00000, 0x0000000086f00000, 0x0000000087000000|  0%| F|  |TAMS 0x0000000086f00000, 0x0000000086f00000| Untracked 
| 112|0x0000000087000000, 0x0000000087000000, 0x0000000087100000|  0%| F|  |TAMS 0x0000000087000000, 0x0000000087000000| Untracked 
| 113|0x0000000087100000, 0x0000000087100000, 0x0000000087200000|  0%| F|  |TAMS 0x0000000087100000, 0x0000000087100000| Untracked 
| 114|0x0000000087200000, 0x0000000087200000, 0x0000000087300000|  0%| F|  |TAMS 0x0000000087200000, 0x0000000087200000| Untracked 
| 115|0x0000000087300000, 0x0000000087300000, 0x0000000087400000|  0%| F|  |TAMS 0x0000000087300000, 0x0000000087300000| Untracked 
| 116|0x0000000087400000, 0x0000000087400000, 0x0000000087500000|  0%| F|  |TAMS 0x0000000087400000, 0x0000000087400000| Untracked 
| 117|0x0000000087500000, 0x0000000087500000, 0x0000000087600000|  0%| F|  |TAMS 0x0000000087500000, 0x0000000087500000| Untracked 
| 118|0x0000000087600000, 0x0000000087600000, 0x0000000087700000|  0%| F|  |TAMS 0x0000000087600000, 0x0000000087600000| Untracked 
| 119|0x0000000087700000, 0x0000000087700000, 0x0000000087800000|  0%| F|  |TAMS 0x0000000087700000, 0x0000000087700000| Untracked 
| 120|0x0000000087800000, 0x0000000087800000, 0x0000000087900000|  0%| F|  |TAMS 0x0000000087800000, 0x0000000087800000| Untracked 
| 121|0x0000000087900000, 0x00000000879b90c8, 0x0000000087a00000| 72%| S|CS|TAMS 0x0000000087900000, 0x0000000087900000| Complete 
| 122|0x0000000087a00000, 0x0000000087b00000, 0x0000000087b00000|100%| S|CS|TAMS 0x0000000087a00000, 0x0000000087a00000| Complete 
| 123|0x0000000087b00000, 0x0000000087c00000, 0x0000000087c00000|100%| S|CS|TAMS 0x0000000087b00000, 0x0000000087b00000| Complete 
| 124|0x0000000087c00000, 0x0000000087d00000, 0x0000000087d00000|100%| S|CS|TAMS 0x0000000087c00000, 0x0000000087c00000| Complete 
| 125|0x0000000087d00000, 0x0000000087e00000, 0x0000000087e00000|100%| S|CS|TAMS 0x0000000087d00000, 0x0000000087d00000| Complete 
| 126|0x0000000087e00000, 0x0000000087f00000, 0x0000000087f00000|100%| S|CS|TAMS 0x0000000087e00000, 0x0000000087e00000| Complete 
| 127|0x0000000087f00000, 0x0000000087f00000, 0x0000000088000000|  0%| F|  |TAMS 0x0000000087f00000, 0x0000000087f00000| Untracked 
| 128|0x0000000088000000, 0x0000000088000000, 0x0000000088100000|  0%| F|  |TAMS 0x0000000088000000, 0x0000000088000000| Untracked 
| 129|0x0000000088100000, 0x0000000088100000, 0x0000000088200000|  0%| F|  |TAMS 0x0000000088100000, 0x0000000088100000| Untracked 
| 130|0x0000000088200000, 0x0000000088200000, 0x0000000088300000|  0%| F|  |TAMS 0x0000000088200000, 0x0000000088200000| Untracked 
| 131|0x0000000088300000, 0x0000000088300000, 0x0000000088400000|  0%| F|  |TAMS 0x0000000088300000, 0x0000000088300000| Untracked 
| 132|0x0000000088400000, 0x0000000088400000, 0x0000000088500000|  0%| F|  |TAMS 0x0000000088400000, 0x0000000088400000| Untracked 
| 133|0x0000000088500000, 0x0000000088500000, 0x0000000088600000|  0%| F|  |TAMS 0x0000000088500000, 0x0000000088500000| Untracked 
| 134|0x0000000088600000, 0x0000000088700000, 0x0000000088700000|100%| S|CS|TAMS 0x0000000088600000, 0x0000000088600000| Complete 
| 135|0x0000000088700000, 0x0000000088700000, 0x0000000088800000|  0%| F|  |TAMS 0x0000000088700000, 0x0000000088700000| Untracked 
| 136|0x0000000088800000, 0x0000000088800000, 0x0000000088900000|  0%| F|  |TAMS 0x0000000088800000, 0x0000000088800000| Untracked 
| 137|0x0000000088900000, 0x0000000088900000, 0x0000000088a00000|  0%| F|  |TAMS 0x0000000088900000, 0x0000000088900000| Untracked 
| 138|0x0000000088a00000, 0x0000000088a00000, 0x0000000088b00000|  0%| F|  |TAMS 0x0000000088a00000, 0x0000000088a00000| Untracked 
| 139|0x0000000088b00000, 0x0000000088b00000, 0x0000000088c00000|  0%| F|  |TAMS 0x0000000088b00000, 0x0000000088b00000| Untracked 
| 140|0x0000000088c00000, 0x0000000088c00000, 0x0000000088d00000|  0%| F|  |TAMS 0x0000000088c00000, 0x0000000088c00000| Untracked 
| 141|0x0000000088d00000, 0x0000000088d00000, 0x0000000088e00000|  0%| F|  |TAMS 0x0000000088d00000, 0x0000000088d00000| Untracked 
| 142|0x0000000088e00000, 0x0000000088e00000, 0x0000000088f00000|  0%| F|  |TAMS 0x0000000088e00000, 0x0000000088e00000| Untracked 
| 143|0x0000000088f00000, 0x0000000088f00000, 0x0000000089000000|  0%| F|  |TAMS 0x0000000088f00000, 0x0000000088f00000| Untracked 
| 144|0x0000000089000000, 0x0000000089000000, 0x0000000089100000|  0%| F|  |TAMS 0x0000000089000000, 0x0000000089000000| Untracked 
| 145|0x0000000089100000, 0x0000000089100000, 0x0000000089200000|  0%| F|  |TAMS 0x0000000089100000, 0x0000000089100000| Untracked 
| 146|0x0000000089200000, 0x0000000089200000, 0x0000000089300000|  0%| F|  |TAMS 0x0000000089200000, 0x0000000089200000| Untracked 
| 147|0x0000000089300000, 0x0000000089300000, 0x0000000089400000|  0%| F|  |TAMS 0x0000000089300000, 0x0000000089300000| Untracked 
| 148|0x0000000089400000, 0x0000000089400000, 0x0000000089500000|  0%| F|  |TAMS 0x0000000089400000, 0x0000000089400000| Untracked 
| 149|0x0000000089500000, 0x0000000089500000, 0x0000000089600000|  0%| F|  |TAMS 0x0000000089500000, 0x0000000089500000| Untracked 
| 150|0x0000000089600000, 0x0000000089600000, 0x0000000089700000|  0%| F|  |TAMS 0x0000000089600000, 0x0000000089600000| Untracked 
| 151|0x0000000089700000, 0x0000000089700000, 0x0000000089800000|  0%| F|  |TAMS 0x0000000089700000, 0x0000000089700000| Untracked 
| 152|0x0000000089800000, 0x0000000089800000, 0x0000000089900000|  0%| F|  |TAMS 0x0000000089800000, 0x0000000089800000| Untracked 
| 153|0x0000000089900000, 0x0000000089900000, 0x0000000089a00000|  0%| F|  |TAMS 0x0000000089900000, 0x0000000089900000| Untracked 
| 154|0x0000000089a00000, 0x0000000089a00000, 0x0000000089b00000|  0%| F|  |TAMS 0x0000000089a00000, 0x0000000089a00000| Untracked 
| 155|0x0000000089b00000, 0x0000000089b00000, 0x0000000089c00000|  0%| F|  |TAMS 0x0000000089b00000, 0x0000000089b00000| Untracked 
| 156|0x0000000089c00000, 0x0000000089c00000, 0x0000000089d00000|  0%| F|  |TAMS 0x0000000089c00000, 0x0000000089c00000| Untracked 
| 157|0x0000000089d00000, 0x0000000089d00000, 0x0000000089e00000|  0%| F|  |TAMS 0x0000000089d00000, 0x0000000089d00000| Untracked 
| 158|0x0000000089e00000, 0x0000000089e00000, 0x0000000089f00000|  0%| F|  |TAMS 0x0000000089e00000, 0x0000000089e00000| Untracked 
| 159|0x0000000089f00000, 0x0000000089f00000, 0x000000008a000000|  0%| F|  |TAMS 0x0000000089f00000, 0x0000000089f00000| Untracked 
| 160|0x000000008a000000, 0x000000008a000000, 0x000000008a100000|  0%| F|  |TAMS 0x000000008a000000, 0x000000008a000000| Untracked 
| 161|0x000000008a100000, 0x000000008a100000, 0x000000008a200000|  0%| F|  |TAMS 0x000000008a100000, 0x000000008a100000| Untracked 
| 162|0x000000008a200000, 0x000000008a200000, 0x000000008a300000|  0%| F|  |TAMS 0x000000008a200000, 0x000000008a200000| Untracked 
| 163|0x000000008a300000, 0x000000008a300000, 0x000000008a400000|  0%| F|  |TAMS 0x000000008a300000, 0x000000008a300000| Untracked 
| 164|0x000000008a400000, 0x000000008a400000, 0x000000008a500000|  0%| F|  |TAMS 0x000000008a400000, 0x000000008a400000| Untracked 
| 165|0x000000008a500000, 0x000000008a500000, 0x000000008a600000|  0%| F|  |TAMS 0x000000008a500000, 0x000000008a500000| Untracked 
| 166|0x000000008a600000, 0x000000008a600000, 0x000000008a700000|  0%| F|  |TAMS 0x000000008a600000, 0x000000008a600000| Untracked 
| 167|0x000000008a700000, 0x000000008a700000, 0x000000008a800000|  0%| F|  |TAMS 0x000000008a700000, 0x000000008a700000| Untracked 
| 168|0x000000008a800000, 0x000000008a800000, 0x000000008a900000|  0%| F|  |TAMS 0x000000008a800000, 0x000000008a800000| Untracked 
| 169|0x000000008a900000, 0x000000008a900000, 0x000000008aa00000|  0%| F|  |TAMS 0x000000008a900000, 0x000000008a900000| Untracked 
| 170|0x000000008aa00000, 0x000000008aa00000, 0x000000008ab00000|  0%| F|  |TAMS 0x000000008aa00000, 0x000000008aa00000| Untracked 
| 171|0x000000008ab00000, 0x000000008ab00000, 0x000000008ac00000|  0%| F|  |TAMS 0x000000008ab00000, 0x000000008ab00000| Untracked 
| 172|0x000000008ac00000, 0x000000008ac00000, 0x000000008ad00000|  0%| F|  |TAMS 0x000000008ac00000, 0x000000008ac00000| Untracked 
| 173|0x000000008ad00000, 0x000000008ad00000, 0x000000008ae00000|  0%| F|  |TAMS 0x000000008ad00000, 0x000000008ad00000| Untracked 
| 174|0x000000008ae00000, 0x000000008ae00000, 0x000000008af00000|  0%| F|  |TAMS 0x000000008ae00000, 0x000000008ae00000| Untracked 
| 175|0x000000008af00000, 0x000000008af80800, 0x000000008b000000| 50%| E|  |TAMS 0x000000008af00000, 0x000000008af00000| Complete 
| 176|0x000000008b000000, 0x000000008b100000, 0x000000008b100000|100%| E|CS|TAMS 0x000000008b000000, 0x000000008b000000| Complete 
| 177|0x000000008b100000, 0x000000008b200000, 0x000000008b200000|100%| E|CS|TAMS 0x000000008b100000, 0x000000008b100000| Complete 
| 178|0x000000008b200000, 0x000000008b300000, 0x000000008b300000|100%| E|CS|TAMS 0x000000008b200000, 0x000000008b200000| Complete 
| 179|0x000000008b300000, 0x000000008b400000, 0x000000008b400000|100%| E|CS|TAMS 0x000000008b300000, 0x000000008b300000| Complete 
| 180|0x000000008b400000, 0x000000008b500000, 0x000000008b500000|100%| E|CS|TAMS 0x000000008b400000, 0x000000008b400000| Complete 
| 181|0x000000008b500000, 0x000000008b600000, 0x000000008b600000|100%| E|CS|TAMS 0x000000008b500000, 0x000000008b500000| Complete 
| 182|0x000000008b600000, 0x000000008b700000, 0x000000008b700000|100%| E|CS|TAMS 0x000000008b600000, 0x000000008b600000| Complete 
| 183|0x000000008b700000, 0x000000008b800000, 0x000000008b800000|100%| E|CS|TAMS 0x000000008b700000, 0x000000008b700000| Complete 
| 184|0x000000008b800000, 0x000000008b900000, 0x000000008b900000|100%| E|CS|TAMS 0x000000008b800000, 0x000000008b800000| Complete 

Card table byte_map: [0x0000025c22d50000,0x0000025c23150000] _byte_map_base: 0x0000025c22950000

Marking Bits (Prev, Next): (CMBitMap*) 0x0000025c0dc57890, (CMBitMap*) 0x0000025c0dc57858
 Prev Bits: [0x0000025c25550000, 0x0000025c27550000)
 Next Bits: [0x0000025c23550000, 0x0000025c25550000)

Polling page: 0x0000025c0dce0000

Metaspace:

Usage:
  Non-class:     90.69 MB capacity,    88.86 MB ( 98%) used,     1.52 MB (  2%) free+waste,   314.13 KB ( <1%) overhead. 
      Class:     14.31 MB capacity,    13.26 MB ( 93%) used,   925.84 KB (  6%) free+waste,   148.25 KB (  1%) overhead. 
       Both:    105.00 MB capacity,   102.13 MB ( 97%) used,     2.42 MB (  2%) free+waste,   462.38 KB ( <1%) overhead. 

Virtual space:
  Non-class space:       92.00 MB reserved,      90.75 MB ( 99%) committed 
      Class space:        1.00 GB reserved,      14.38 MB (  1%) committed 
             Both:        1.09 GB reserved,     105.13 MB (  9%) committed 

Chunk freelists:
   Non-Class:  0 bytes
       Class:  0 bytes
        Both:  0 bytes

MaxMetaspaceSize: 17179869184.00 GB
CompressedClassSpaceSize: 1.00 GB

CodeHeap 'non-profiled nmethods': size=120000Kb used=7505Kb max_used=7505Kb free=112495Kb
 bounds [0x0000025c1a9c0000, 0x0000025c1b120000, 0x0000025c21ef0000]
CodeHeap 'profiled nmethods': size=120000Kb used=25242Kb max_used=25242Kb free=94757Kb
 bounds [0x0000025c13490000, 0x0000025c14d40000, 0x0000025c1a9c0000]
CodeHeap 'non-nmethods': size=5760Kb used=2338Kb max_used=2367Kb free=3421Kb
 bounds [0x0000025c12ef0000, 0x0000025c13160000, 0x0000025c13490000]
 total_blobs=12472 nmethods=11515 adapters=868
 compilation: enabled
              stopped_count=0, restarted_count=0
 full_count=0

Compilation events (20 events):
Event: 28.360 Thread 0x0000025c2a91f000 11607       3       org.gradle.internal.watch.registry.impl.WatchableHierarchies$$Lambda$1388/0x0000000100e43c40::visitSnapshotRoot (9 bytes)
Event: 28.360 Thread 0x0000025c2a91f000 nmethod 11607 0x0000025c14d33510 code [0x0000025c14d336e0, 0x0000025c14d33908]
Event: 28.360 Thread 0x0000025c2a91f000 11608       3       org.gradle.internal.watch.registry.impl.WatchableHierarchies::lambda$removeUnwatchedSnapshots$0 (9 bytes)
Event: 28.360 Thread 0x0000025c2a91f000 nmethod 11608 0x0000025c14d33a10 code [0x0000025c14d33bc0, 0x0000025c14d33d68]
Event: 28.360 Thread 0x0000025c2a91f000 11610       3       org.gradle.internal.snapshot.DirectorySnapshot$$Lambda$1393/0x0000000100e50040::accept (16 bytes)
Event: 28.361 Thread 0x0000025c2a91f000 nmethod 11610 0x0000025c14d33e10 code [0x0000025c14d33fe0, 0x0000025c14d343e8]
Event: 28.361 Thread 0x0000025c2a91f000 11611       3       org.gradle.internal.snapshot.DirectorySnapshot::lambda$accept$1 (9 bytes)
Event: 28.361 Thread 0x0000025c2a91f000 nmethod 11611 0x0000025c14d34510 code [0x0000025c14d346c0, 0x0000025c14d34868]
Event: 28.361 Thread 0x0000025c2a91f000 11612       3       org.gradle.internal.snapshot.FileSystemSnapshotHierarchyVisitor::enterDirectory (1 bytes)
Event: 28.361 Thread 0x0000025c2a91f000 nmethod 11612 0x0000025c14d34910 code [0x0000025c14d34ac0, 0x0000025c14d34bb8]
Event: 28.362 Thread 0x0000025c2a91f000 11613       3       org.gradle.internal.snapshot.DirectorySnapshot$$Lambda$1393/0x0000000100e50040::get$Lambda (9 bytes)
Event: 28.362 Thread 0x0000025c2a91f000 nmethod 11613 0x0000025c14d34c90 code [0x0000025c14d34e60, 0x0000025c14d350b8]
Event: 28.362 Thread 0x0000025c2a91f000 11614       3       org.gradle.internal.snapshot.DirectorySnapshot$$Lambda$1393/0x0000000100e50040::<init> (10 bytes)
Event: 28.362 Thread 0x0000025c2a91f000 nmethod 11614 0x0000025c14d35190 code [0x0000025c14d35340, 0x0000025c14d354f8]
Event: 28.362 Thread 0x0000025c2a91f000 11615       3       org.gradle.internal.snapshot.FileSystemSnapshotHierarchyVisitor::leaveDirectory (1 bytes)
Event: 28.363 Thread 0x0000025c2a91f000 nmethod 11615 0x0000025c14d35590 code [0x0000025c14d35740, 0x0000025c14d35838]
Event: 28.364 Thread 0x0000025c2a91f000 11616       3       org.gradle.internal.snapshot.AbstractIncompleteFileSystemNode::accept (16 bytes)
Event: 28.365 Thread 0x0000025c2a91f000 nmethod 11616 0x0000025c14d35910 code [0x0000025c14d35b20, 0x0000025c14d36148]
Event: 28.365 Thread 0x0000025c2a91f000 11617       3       org.gradle.internal.snapshot.AbstractIncompleteFileSystemNode$$Lambda$183/0x0000000100387c40::get$Lambda (9 bytes)
Event: 28.365 Thread 0x0000025c2a91f000 nmethod 11617 0x0000025c14d36390 code [0x0000025c14d36560, 0x0000025c14d367b8]

GC Heap History (20 events):
Event: 18.435 GC heap before
{Heap before GC invocations=19 (full 0):
 garbage-first heap   total 157696K, used 115268K [0x0000000080000000, 0x0000000100000000)
  region size 1024K, 45 young (46080K), 4 survivors (4096K)
 Metaspace       used 69604K, capacity 71416K, committed 71552K, reserved 1112064K
  class space    used 8884K, capacity 9531K, committed 9600K, reserved 1048576K
}
Event: 18.447 GC heap after
{Heap after GC invocations=20 (full 0):
 garbage-first heap   total 157696K, used 78372K [0x0000000080000000, 0x0000000100000000)
  region size 1024K, 7 young (7168K), 7 survivors (7168K)
 Metaspace       used 69604K, capacity 71416K, committed 71552K, reserved 1112064K
  class space    used 8884K, capacity 9531K, committed 9600K, reserved 1048576K
}
Event: 19.297 GC heap before
{Heap before GC invocations=21 (full 0):
 garbage-first heap   total 157696K, used 126500K [0x0000000080000000, 0x0000000100000000)
  region size 1024K, 53 young (54272K), 7 survivors (7168K)
 Metaspace       used 72161K, capacity 74071K, committed 74240K, reserved 1114112K
  class space    used 9250K, capacity 9898K, committed 9984K, reserved 1048576K
}
Event: 19.310 GC heap after
{Heap after GC invocations=22 (full 0):
 garbage-first heap   total 157696K, used 82152K [0x0000000080000000, 0x0000000100000000)
  region size 1024K, 5 young (5120K), 5 survivors (5120K)
 Metaspace       used 72161K, capacity 74071K, committed 74240K, reserved 1114112K
  class space    used 9250K, capacity 9898K, committed 9984K, reserved 1048576K
}
Event: 20.141 GC heap before
{Heap before GC invocations=22 (full 0):
 garbage-first heap   total 157696K, used 127208K [0x0000000080000000, 0x0000000100000000)
  region size 1024K, 49 young (50176K), 5 survivors (5120K)
 Metaspace       used 76768K, capacity 78702K, committed 78848K, reserved 1118208K
  class space    used 9998K, capacity 10669K, committed 10752K, reserved 1048576K
}
Event: 20.149 GC heap after
{Heap after GC invocations=23 (full 0):
 garbage-first heap   total 157696K, used 84294K [0x0000000080000000, 0x0000000100000000)
  region size 1024K, 3 young (3072K), 3 survivors (3072K)
 Metaspace       used 76768K, capacity 78702K, committed 78848K, reserved 1118208K
  class space    used 9998K, capacity 10669K, committed 10752K, reserved 1048576K
}
Event: 20.931 GC heap before
{Heap before GC invocations=24 (full 0):
 garbage-first heap   total 157696K, used 128326K [0x0000000080000000, 0x0000000100000000)
  region size 1024K, 46 young (47104K), 3 survivors (3072K)
 Metaspace       used 80078K, capacity 82233K, committed 82432K, reserved 1120256K
  class space    used 10447K, capacity 11220K, committed 11264K, reserved 1048576K
}
Event: 20.939 GC heap after
{Heap after GC invocations=25 (full 0):
 garbage-first heap   total 157696K, used 86903K [0x0000000080000000, 0x0000000100000000)
  region size 1024K, 5 young (5120K), 5 survivors (5120K)
 Metaspace       used 80078K, capacity 82233K, committed 82432K, reserved 1120256K
  class space    used 10447K, capacity 11220K, committed 11264K, reserved 1048576K
}
Event: 21.400 GC heap before
{Heap before GC invocations=25 (full 0):
 garbage-first heap   total 157696K, used 116599K [0x0000000080000000, 0x0000000100000000)
  region size 1024K, 35 young (35840K), 5 survivors (5120K)
 Metaspace       used 81676K, capacity 83924K, committed 84224K, reserved 1122304K
  class space    used 10642K, capacity 11416K, committed 11520K, reserved 1048576K
}
Event: 21.411 GC heap after
{Heap after GC invocations=26 (full 0):
 garbage-first heap   total 157696K, used 89095K [0x0000000080000000, 0x0000000100000000)
  region size 1024K, 5 young (5120K), 5 survivors (5120K)
 Metaspace       used 81676K, capacity 83924K, committed 84224K, reserved 1122304K
  class space    used 10642K, capacity 11416K, committed 11520K, reserved 1048576K
}
Event: 22.479 GC heap before
{Heap before GC invocations=27 (full 0):
 garbage-first heap   total 157696K, used 129031K [0x0000000080000000, 0x0000000100000000)
  region size 1024K, 43 young (44032K), 5 survivors (5120K)
 Metaspace       used 87397K, capacity 89834K, committed 89984K, reserved 1126400K
  class space    used 11353K, capacity 12135K, committed 12160K, reserved 1048576K
}
Event: 22.490 GC heap after
{Heap after GC invocations=28 (full 0):
 garbage-first heap   total 189440K, used 90799K [0x0000000080000000, 0x0000000100000000)
  region size 1024K, 4 young (4096K), 4 survivors (4096K)
 Metaspace       used 87397K, capacity 89834K, committed 89984K, reserved 1126400K
  class space    used 11353K, capacity 12135K, committed 12160K, reserved 1048576K
}
Event: 23.733 GC heap before
{Heap before GC invocations=28 (full 0):
 garbage-first heap   total 189440K, used 141999K [0x0000000080000000, 0x0000000100000000)
  region size 1024K, 55 young (56320K), 4 survivors (4096K)
 Metaspace       used 91507K, capacity 94127K, committed 94336K, reserved 1130496K
  class space    used 11911K, capacity 12834K, committed 12928K, reserved 1048576K
}
Event: 23.747 GC heap after
{Heap after GC invocations=29 (full 0):
 garbage-first heap   total 189440K, used 93830K [0x0000000080000000, 0x0000000100000000)
  region size 1024K, 7 young (7168K), 7 survivors (7168K)
 Metaspace       used 91507K, capacity 94127K, committed 94336K, reserved 1130496K
  class space    used 11911K, capacity 12834K, committed 12928K, reserved 1048576K
}
Event: 24.800 GC heap before
{Heap before GC invocations=30 (full 0):
 garbage-first heap   total 189440K, used 145030K [0x0000000080000000, 0x0000000100000000)
  region size 1024K, 58 young (59392K), 7 survivors (7168K)
 Metaspace       used 92444K, capacity 95054K, committed 95104K, reserved 1132544K
  class space    used 11981K, capacity 12889K, committed 12928K, reserved 1048576K
}
Event: 24.814 GC heap after
{Heap after GC invocations=31 (full 0):
 garbage-first heap   total 189440K, used 96524K [0x0000000080000000, 0x0000000100000000)
  region size 1024K, 6 young (6144K), 6 survivors (6144K)
 Metaspace       used 92444K, capacity 95054K, committed 95104K, reserved 1132544K
  class space    used 11981K, capacity 12889K, committed 12928K, reserved 1048576K
}
Event: 27.162 GC heap before
{Heap before GC invocations=31 (full 0):
 garbage-first heap   total 189440K, used 147724K [0x0000000080000000, 0x0000000100000000)
  region size 1024K, 57 young (58368K), 6 survivors (6144K)
 Metaspace       used 99731K, capacity 102416K, committed 102528K, reserved 1138688K
  class space    used 12907K, capacity 13860K, committed 13952K, reserved 1048576K
}
Event: 27.178 GC heap after
{Heap after GC invocations=32 (full 0):
 garbage-first heap   total 189440K, used 100072K [0x0000000080000000, 0x0000000100000000)
  region size 1024K, 7 young (7168K), 7 survivors (7168K)
 Metaspace       used 99731K, capacity 102416K, committed 102528K, reserved 1138688K
  class space    used 12907K, capacity 13860K, committed 13952K, reserved 1048576K
}
Event: 28.097 GC heap before
{Heap before GC invocations=33 (full 0):
 garbage-first heap   total 189440K, used 151272K [0x0000000080000000, 0x0000000100000000)
  region size 1024K, 57 young (58368K), 7 survivors (7168K)
 Metaspace       used 103549K, capacity 106330K, committed 106368K, reserved 1140736K
  class space    used 13436K, capacity 14448K, committed 14464K, reserved 1048576K
}
Event: 28.108 GC heap after
{Heap after GC invocations=34 (full 0):
 garbage-first heap   total 189440K, used 103210K [0x0000000080000000, 0x0000000100000000)
  region size 1024K, 7 young (7168K), 7 survivors (7168K)
 Metaspace       used 103549K, capacity 106330K, committed 106368K, reserved 1140736K
  class space    used 13436K, capacity 14448K, committed 14464K, reserved 1048576K
}

Deoptimization events (20 events):
Event: 28.343 Thread 0x0000025c2aa85000 Uncommon trap: trap_request=0xffffffc6 fr.pc=0x0000025c1afd3fec relative=0x00000000000007ec
Event: 28.343 Thread 0x0000025c2aa85000 Uncommon trap: reason=bimorphic_or_optimized_type_check action=maybe_recompile pc=0x0000025c1afd3fec method=org.gradle.internal.snapshot.ChildMap$Entry.handleAncestorDescendantOrExactMatch(Lorg/gradle/internal/snapshot/VfsRelativePath;Lorg/gradle/internal
Event: 28.343 Thread 0x0000025c2aa85000 DEOPT PACKING pc=0x0000025c1afd3fec sp=0x0000006c5befb020
Event: 28.343 Thread 0x0000025c2aa85000 DEOPT UNPACKING pc=0x0000025c12f178af sp=0x0000006c5befaff0 mode 2
Event: 28.343 Thread 0x0000025c2aa85000 Uncommon trap: trap_request=0xffffffc6 fr.pc=0x0000025c1afd3fec relative=0x00000000000007ec
Event: 28.343 Thread 0x0000025c2aa85000 Uncommon trap: reason=bimorphic_or_optimized_type_check action=maybe_recompile pc=0x0000025c1afd3fec method=org.gradle.internal.snapshot.ChildMap$Entry.handleAncestorDescendantOrExactMatch(Lorg/gradle/internal/snapshot/VfsRelativePath;Lorg/gradle/internal
Event: 28.343 Thread 0x0000025c2aa85000 DEOPT PACKING pc=0x0000025c1afd3fec sp=0x0000006c5befabd0
Event: 28.343 Thread 0x0000025c2aa85000 DEOPT UNPACKING pc=0x0000025c12f178af sp=0x0000006c5befaba0 mode 2
Event: 28.343 Thread 0x0000025c2aa85000 Uncommon trap: trap_request=0xffffff4d fr.pc=0x0000025c1ad8d93c relative=0x000000000000073c
Event: 28.343 Thread 0x0000025c2aa85000 Uncommon trap: reason=unstable_if action=reinterpret pc=0x0000025c1ad8d93c method=org.gradle.internal.snapshot.VfsRelativePath.compareToFirstSegment(Ljava/lang/String;Lorg/gradle/internal/snapshot/CaseSensitivity;)I @ 134 c2
Event: 28.343 Thread 0x0000025c2aa85000 DEOPT PACKING pc=0x0000025c1ad8d93c sp=0x0000006c5befa770
Event: 28.343 Thread 0x0000025c2aa85000 DEOPT UNPACKING pc=0x0000025c12f178af sp=0x0000006c5befa6f0 mode 2
Event: 28.343 Thread 0x0000025c2aa85000 Uncommon trap: trap_request=0xffffffde fr.pc=0x0000025c1afd40cc relative=0x00000000000008cc
Event: 28.343 Thread 0x0000025c2aa85000 Uncommon trap: reason=class_check action=maybe_recompile pc=0x0000025c1afd40cc method=org.gradle.internal.snapshot.ChildMap$Entry.handleAncestorDescendantOrExactMatch(Lorg/gradle/internal/snapshot/VfsRelativePath;Lorg/gradle/internal/snapshot/CaseSensitiv
Event: 28.343 Thread 0x0000025c2aa85000 DEOPT PACKING pc=0x0000025c1afd40cc sp=0x0000006c5befa780
Event: 28.343 Thread 0x0000025c2aa85000 DEOPT UNPACKING pc=0x0000025c12f178af sp=0x0000006c5befa758 mode 2
Event: 28.346 Thread 0x0000025c2aa85000 Uncommon trap: trap_request=0xffffffc6 fr.pc=0x0000025c1afd3fec relative=0x00000000000007ec
Event: 28.346 Thread 0x0000025c2aa85000 Uncommon trap: reason=bimorphic_or_optimized_type_check action=maybe_recompile pc=0x0000025c1afd3fec method=org.gradle.internal.snapshot.ChildMap$Entry.handleAncestorDescendantOrExactMatch(Lorg/gradle/internal/snapshot/VfsRelativePath;Lorg/gradle/internal
Event: 28.346 Thread 0x0000025c2aa85000 DEOPT PACKING pc=0x0000025c1afd3fec sp=0x0000006c5befb470
Event: 28.346 Thread 0x0000025c2aa85000 DEOPT UNPACKING pc=0x0000025c12f178af sp=0x0000006c5befb440 mode 2

Classes redefined (0 events):
No events

Internal exceptions (20 events):
Event: 28.014 Thread 0x0000025c2aa85000 Exception <a 'java/lang/ClassNotFoundException'{0x0000000088cd0010}: java/util/LinkedHashMapBeanInfo> (0x0000000088cd0010) thrown at [./src/hotspot/share/classfile/systemDictionary.cpp, line 231]
Event: 28.014 Thread 0x0000025c2aa85000 Exception <a 'java/lang/ClassNotFoundException'{0x0000000088cd92a0}: java/util/HashMapBeanInfo> (0x0000000088cd92a0) thrown at [./src/hotspot/share/classfile/systemDictionary.cpp, line 231]
Event: 28.014 Thread 0x0000025c2aa85000 Exception <a 'java/lang/ClassNotFoundException'{0x0000000088ce2d58}: java/util/AbstractMapBeanInfo> (0x0000000088ce2d58) thrown at [./src/hotspot/share/classfile/systemDictionary.cpp, line 231]
Event: 28.014 Thread 0x0000025c2aa85000 Exception <a 'java/lang/ClassNotFoundException'{0x0000000088cec8c8}: java/util/AbstractMapCustomizer> (0x0000000088cec8c8) thrown at [./src/hotspot/share/classfile/systemDictionary.cpp, line 231]
Event: 28.015 Thread 0x0000025c2aa85000 Exception <a 'java/lang/ClassNotFoundException'{0x0000000088b001e8}: java/util/HashMapCustomizer> (0x0000000088b001e8) thrown at [./src/hotspot/share/classfile/systemDictionary.cpp, line 231]
Event: 28.016 Thread 0x0000025c2aa85000 Exception <a 'java/lang/ClassNotFoundException'{0x0000000088b208e0}: java/util/LinkedHashMapCustomizer> (0x0000000088b208e0) thrown at [./src/hotspot/share/classfile/systemDictionary.cpp, line 231]
Event: 28.021 Thread 0x0000025c2aa85000 Exception <a 'java/lang/ClassNotFoundException'{0x0000000088b8da60}: org/gradle/api/plugins/internal/DefaultJavaPluginConventionBeanInfo> (0x0000000088b8da60) thrown at [./src/hotspot/share/classfile/systemDictionary.cpp, line 231]
Event: 28.021 Thread 0x0000025c2aa85000 Exception <a 'java/lang/ClassNotFoundException'{0x0000000088bae3e8}: org/gradle/api/plugins/JavaPluginConventionBeanInfo> (0x0000000088bae3e8) thrown at [./src/hotspot/share/classfile/systemDictionary.cpp, line 231]
Event: 28.022 Thread 0x0000025c2aa85000 Exception <a 'java/lang/ClassNotFoundException'{0x0000000088bcee68}: org/gradle/api/plugins/JavaPluginConventionCustomizer> (0x0000000088bcee68) thrown at [./src/hotspot/share/classfile/systemDictionary.cpp, line 231]
Event: 28.023 Thread 0x0000025c2aa85000 Exception <a 'java/lang/ClassNotFoundException'{0x0000000088a07ad0}: org/gradle/api/plugins/internal/DefaultJavaPluginConventionCustomizer> (0x0000000088a07ad0) thrown at [./src/hotspot/share/classfile/systemDictionary.cpp, line 231]
Event: 28.027 Thread 0x0000025c2aa85000 Exception <a 'java/lang/ClassNotFoundException'{0x0000000088a7acd8}: org/gradle/api/plugins/internal/DefaultBasePluginConventionBeanInfo> (0x0000000088a7acd8) thrown at [./src/hotspot/share/classfile/systemDictionary.cpp, line 231]
Event: 28.027 Thread 0x0000025c2aa85000 Exception <a 'java/lang/ClassNotFoundException'{0x0000000088a9b8b8}: org/gradle/api/plugins/BasePluginConventionBeanInfo> (0x0000000088a9b8b8) thrown at [./src/hotspot/share/classfile/systemDictionary.cpp, line 231]
Event: 28.028 Thread 0x0000025c2aa85000 Exception <a 'java/lang/ClassNotFoundException'{0x0000000088abc338}: org/gradle/api/plugins/BasePluginConventionCustomizer> (0x0000000088abc338) thrown at [./src/hotspot/share/classfile/systemDictionary.cpp, line 231]
Event: 28.029 Thread 0x0000025c2aa85000 Exception <a 'java/lang/ClassNotFoundException'{0x0000000088aeae90}: org/gradle/api/plugins/internal/DefaultBasePluginConventionCustomizer> (0x0000000088aeae90) thrown at [./src/hotspot/share/classfile/systemDictionary.cpp, line 231]
Event: 28.303 Thread 0x0000025c2c6c6800 Exception <a 'java/lang/NoSuchMethodError'{0x000000008b00cf48}: <clinit>> (0x000000008b00cf48) thrown at [./src/hotspot/share/prims/jni.cpp, line 1362]
Event: 28.307 Thread 0x0000025c2c6c6800 Exception <a 'java/lang/NoSuchMethodError'{0x000000008b02aa40}: <clinit>> (0x000000008b02aa40) thrown at [./src/hotspot/share/prims/jni.cpp, line 1362]
Event: 28.312 Thread 0x0000025c2c6c6800 Exception <a 'java/lang/NoSuchMethodError'{0x000000008b03a9f0}: <clinit>> (0x000000008b03a9f0) thrown at [./src/hotspot/share/prims/jni.cpp, line 1362]
Event: 28.324 Thread 0x0000025c2aa85000 Exception <a 'java/lang/NoSuchMethodError'{0x000000008b1e9748}: 'java.lang.Object java.lang.invoke.Invokers$Holder.linkToTargetMethod(java.lang.Object, java.lang.Object, java.lang.Object, int, java.lang.Object, java.lang.Object)'> (0x000000008b1e9748) thrown at [./src/hotspot/share/interpreter/linkResolver.cpp, line 773]
Event: 28.330 Thread 0x0000025c2aa85000 Exception <a 'java/lang/NoSuchMethodError'{0x000000008b06af08}: 'int java.lang.invoke.DirectMethodHandle$Holder.invokeVirtual(java.lang.Object, java.lang.Object, java.lang.Object)'> (0x000000008b06af08) thrown at [./src/hotspot/share/interpreter/linkResolver.cpp, line 773]
Event: 28.332 Thread 0x0000025c2aa85000 Exception <a 'java/lang/IncompatibleClassChangeError'{0x000000008b074348}: Found class java.lang.Object, but interface was expected> (0x000000008b074348) thrown at [./src/hotspot/share/interpreter/linkResolver.cpp, line 839]

Events (20 events):
Event: 28.345 loading class org/gradle/internal/snapshot/SnapshotHierarchy
Event: 28.345 loading class org/gradle/internal/snapshot/SnapshotHierarchy done
Event: 28.345 loading class org/gradle/internal/vfs/impl/DefaultSnapshotHierarchy
Event: 28.345 loading class org/gradle/internal/vfs/impl/DefaultSnapshotHierarchy done
Event: 28.348 loading class org/gradle/internal/snapshot/FileSystemSnapshotHierarchyVisitor
Event: 28.348 loading class org/gradle/internal/snapshot/FileSystemSnapshotHierarchyVisitor done
Event: 28.348 loading class org/gradle/internal/snapshot/FileSystemSnapshotHierarchyVisitor
Event: 28.348 loading class org/gradle/internal/snapshot/FileSystemSnapshotHierarchyVisitor done
Event: 28.365 loading class net/rubygrapefruit/platform/internal/FileSystemList
Event: 28.365 loading class net/rubygrapefruit/platform/internal/FileSystemList done
Event: 28.365 loading class net/rubygrapefruit/platform/file/CaseSensitivity
Event: 28.365 loading class net/rubygrapefruit/platform/file/CaseSensitivity done
Event: 28.366 loading class net/rubygrapefruit/platform/internal/jni/PosixFileSystemFunctions
Event: 28.366 loading class net/rubygrapefruit/platform/internal/jni/PosixFileSystemFunctions done
Event: 28.367 loading class net/rubygrapefruit/platform/internal/DefaultFileSystemInfo
Event: 28.367 loading class net/rubygrapefruit/platform/internal/DefaultFileSystemInfo done
Event: 28.368 loading class net/rubygrapefruit/platform/file/FileSystemInfo
Event: 28.368 loading class net/rubygrapefruit/platform/file/FileSystemInfo done
Event: 28.370 loading class net/rubygrapefruit/platform/internal/FileSystemList$DefaultCaseSensitivity
Event: 28.370 loading class net/rubygrapefruit/platform/internal/FileSystemList$DefaultCaseSensitivity done


Dynamic libraries:
0x00007ff6c3a70000 - 0x00007ff6c3a7a000 	C:\Program Files\Android\Android Studio\jre\bin\java.exe
0x00007ff91b840000 - 0x00007ff91ba4e000 	C:\WINDOWS\SYSTEM32\ntdll.dll
0x00007ff91a060000 - 0x00007ff91a11d000 	C:\WINDOWS\System32\KERNEL32.DLL
0x00007ff918e60000 - 0x00007ff9191e3000 	C:\WINDOWS\System32\KERNELBASE.dll
0x00007ff915640000 - 0x00007ff9156d2000 	C:\WINDOWS\SYSTEM32\apphelp.dll
0x00007ff919510000 - 0x00007ff919621000 	C:\WINDOWS\System32\ucrtbase.dll
0x00007ff903ef0000 - 0x00007ff903f09000 	C:\Program Files\Android\Android Studio\jre\bin\jli.dll
0x00007ff9037d0000 - 0x00007ff9037e7000 	C:\Program Files\Android\Android Studio\jre\bin\VCRUNTIME140.dll
0x00007ff91b3e0000 - 0x00007ff91b58b000 	C:\WINDOWS\System32\USER32.dll
0x00007ff917f60000 - 0x00007ff918202000 	C:\WINDOWS\WinSxS\amd64_microsoft.windows.common-controls_6595b64144ccf1df_6.0.22454.1000_none_246f0f3ec589a054\COMCTL32.dll
0x00007ff9193c0000 - 0x00007ff9193e6000 	C:\WINDOWS\System32\win32u.dll
0x00007ff919780000 - 0x00007ff919824000 	C:\WINDOWS\System32\msvcrt.dll
0x00007ff91a4f0000 - 0x00007ff91a519000 	C:\WINDOWS\System32\GDI32.dll
0x00007ff9193f0000 - 0x00007ff919507000 	C:\WINDOWS\System32\gdi32full.dll
0x00007ff919630000 - 0x00007ff9196cb000 	C:\WINDOWS\System32\msvcp_win.dll
0x00007ff91a410000 - 0x00007ff91a441000 	C:\WINDOWS\System32\IMM32.DLL
0x00007ff8fe520000 - 0x00007ff8fe5bd000 	C:\Program Files\Android\Android Studio\jre\bin\msvcp140.dll
0x00007ff8d5c90000 - 0x00007ff8d675f000 	C:\Program Files\Android\Android Studio\jre\bin\server\jvm.dll
0x00007ff91a2e0000 - 0x00007ff91a38f000 	C:\WINDOWS\System32\ADVAPI32.dll
0x00007ff91a450000 - 0x00007ff91a4ef000 	C:\WINDOWS\System32\sechost.dll
0x00007ff919ac0000 - 0x00007ff919be0000 	C:\WINDOWS\System32\RPCRT4.dll
0x00007ff91b0d0000 - 0x00007ff91b0d8000 	C:\WINDOWS\System32\PSAPI.DLL
0x00007ff910940000 - 0x00007ff910973000 	C:\WINDOWS\SYSTEM32\WINMM.dll
0x00007ff913f50000 - 0x00007ff913f59000 	C:\WINDOWS\SYSTEM32\WSOCK32.dll
0x00007ff909940000 - 0x00007ff90994a000 	C:\WINDOWS\SYSTEM32\VERSION.dll
0x00007ff919920000 - 0x00007ff919991000 	C:\WINDOWS\System32\WS2_32.dll
0x00007ff917520000 - 0x00007ff917538000 	C:\WINDOWS\SYSTEM32\kernel.appcore.dll
0x00007ff910ff0000 - 0x00007ff911001000 	C:\Program Files\Android\Android Studio\jre\bin\verify.dll
0x00007ff9186a0000 - 0x00007ff9188c7000 	C:\WINDOWS\SYSTEM32\DBGHELP.DLL
0x00007ff91ad40000 - 0x00007ff91b0bb000 	C:\WINDOWS\System32\combase.dll
0x00007ff918520000 - 0x00007ff918551000 	C:\WINDOWS\SYSTEM32\dbgcore.DLL
0x00007ff918d10000 - 0x00007ff918d91000 	C:\WINDOWS\System32\bcryptPrimitives.dll
0x00007ff910f90000 - 0x00007ff910fb9000 	C:\Program Files\Android\Android Studio\jre\bin\java.dll
0x00007ff912ec0000 - 0x00007ff912ecb000 	C:\Program Files\Android\Android Studio\jre\bin\jimage.dll
0x00007ff905db0000 - 0x00007ff905dc8000 	C:\Program Files\Android\Android Studio\jre\bin\zip.dll
0x00007ff91a590000 - 0x00007ff91ad3b000 	C:\WINDOWS\System32\SHELL32.dll
0x00007ff916410000 - 0x00007ff916c70000 	C:\WINDOWS\SYSTEM32\windows.storage.dll
0x00007ff9162a0000 - 0x00007ff916408000 	C:\WINDOWS\SYSTEM32\wintypes.dll
0x00007ff91b590000 - 0x00007ff91b67f000 	C:\WINDOWS\System32\SHCORE.dll
0x00007ff919830000 - 0x00007ff91988b000 	C:\WINDOWS\System32\shlwapi.dll
0x00007ff918c40000 - 0x00007ff918c61000 	C:\WINDOWS\SYSTEM32\profapi.dll
0x00007ff9045e0000 - 0x00007ff9045fa000 	C:\Program Files\Android\Android Studio\jre\bin\net.dll
0x00007ff910680000 - 0x00007ff91078f000 	C:\WINDOWS\SYSTEM32\WINHTTP.dll
0x00007ff917940000 - 0x00007ff9179a8000 	C:\WINDOWS\system32\mswsock.dll
0x00007ff904450000 - 0x00007ff904464000 	C:\Program Files\Android\Android Studio\jre\bin\nio.dll
0x00007ff902ab0000 - 0x00007ff902ad7000 	C:\Users\grieferpig\.gradle\native\8bec1ad78214c89d9ad589b4d07fe93259594b29d510b10fafb7a158f7737e5d\windows-amd64\native-platform.dll
0x00007ff8fb830000 - 0x00007ff8fb96d000 	C:\Users\grieferpig\.gradle\native\53dbd7edfb1c66fb8903c78663c9afc45aea4f116125fa6feffd364cf09443e8\windows-amd64\native-platform-file-events.dll
0x00007ff912b20000 - 0x00007ff912b2a000 	C:\Program Files\Android\Android Studio\jre\bin\management.dll
0x00007ff912b00000 - 0x00007ff912b0c000 	C:\Program Files\Android\Android Studio\jre\bin\management_ext.dll
0x00007ff9189c0000 - 0x00007ff9189d8000 	C:\WINDOWS\SYSTEM32\CRYPTSP.dll
0x00007ff917d20000 - 0x00007ff917d55000 	C:\WINDOWS\system32\rsaenh.dll
0x00007ff9179b0000 - 0x00007ff9179d9000 	C:\WINDOWS\SYSTEM32\USERENV.dll
0x00007ff918560000 - 0x00007ff918588000 	C:\WINDOWS\SYSTEM32\bcrypt.dll
0x00007ff917d10000 - 0x00007ff917d1c000 	C:\WINDOWS\SYSTEM32\CRYPTBASE.dll
0x00007ff917060000 - 0x00007ff91708d000 	C:\WINDOWS\SYSTEM32\IPHLPAPI.DLL
0x00007ff91b0c0000 - 0x00007ff91b0c9000 	C:\WINDOWS\System32\NSI.dll
0x00007ff90f580000 - 0x00007ff90f599000 	C:\WINDOWS\SYSTEM32\dhcpcsvc6.DLL
0x00007ff90f560000 - 0x00007ff90f57e000 	C:\WINDOWS\SYSTEM32\dhcpcsvc.DLL
0x00007ff9170d0000 - 0x00007ff9171be000 	C:\WINDOWS\SYSTEM32\DNSAPI.dll
0x00007ff9035e0000 - 0x00007ff903607000 	C:\Program Files\Android\Android Studio\jre\bin\sunec.dll
0x00007ff90a3b0000 - 0x00007ff90a3ba000 	C:\Windows\System32\rasadhlp.dll
0x00007ff90d1a0000 - 0x00007ff90d221000 	C:\WINDOWS\System32\fwpuclnt.dll

dbghelp: loaded successfully - version: 4.0.5 - missing functions: none
symbol engine: initialized successfully - sym options: 0x614 - pdb path: .;C:\Program Files\Android\Android Studio\jre\bin;C:\WINDOWS\SYSTEM32;C:\WINDOWS\WinSxS\amd64_microsoft.windows.common-controls_6595b64144ccf1df_6.0.22454.1000_none_246f0f3ec589a054;C:\Program Files\Android\Android Studio\jre\bin\server;C:\Users\grieferpig\.gradle\native\8bec1ad78214c89d9ad589b4d07fe93259594b29d510b10fafb7a158f7737e5d\windows-amd64;C:\Users\grieferpig\.gradle\native\53dbd7edfb1c66fb8903c78663c9afc45aea4f116125fa6feffd364cf09443e8\windows-amd64

VM Arguments:
jvm_args: --add-opens=java.base/java.util=ALL-UNNAMED --add-opens=java.base/java.lang=ALL-UNNAMED --add-opens=java.base/java.lang.invoke=ALL-UNNAMED --add-opens=java.base/java.util=ALL-UNNAMED --add-opens=java.prefs/java.util.prefs=ALL-UNNAMED --add-opens=java.prefs/java.util.prefs=ALL-UNNAMED --add-opens=java.base/java.nio.charset=ALL-UNNAMED --add-opens=java.base/java.net=ALL-UNNAMED --add-opens=java.base/java.util.concurrent.atomic=ALL-UNNAMED -Xmx2048m -Dfile.encoding=UTF-8 -Duser.country=CN -Duser.language=zh -Duser.variant 
java_command: org.gradle.launcher.daemon.bootstrap.GradleDaemon 7.0.2
java_class_path (initial): C:\Users\grieferpig\.gradle\wrapper\dists\gradle-7.0.2-bin\857tjihv64xamwrf0h14cai3r\gradle-7.0.2\lib\gradle-launcher-7.0.2.jar
Launcher Type: SUN_STANDARD

[Global flags]
     intx CICompilerCount                          = 4                                         {product} {ergonomic}
     uint ConcGCThreads                            = 2                                         {product} {ergonomic}
     uint G1ConcRefinementThreads                  = 8                                         {product} {ergonomic}
   size_t G1HeapRegionSize                         = 1048576                                   {product} {ergonomic}
    uintx GCDrainStackTargetSize                   = 64                                        {product} {ergonomic}
   size_t InitialHeapSize                          = 134217728                                 {product} {ergonomic}
   size_t MarkStackSize                            = 4194304                                   {product} {ergonomic}
   size_t MaxHeapSize                              = 2147483648                                {product} {command line}
   size_t MaxNewSize                               = 1287651328                                {product} {ergonomic}
   size_t MinHeapDeltaBytes                        = 1048576                                   {product} {ergonomic}
    uintx NonNMethodCodeHeapSize                   = 5836300                                {pd product} {ergonomic}
    uintx NonProfiledCodeHeapSize                  = 122910970                              {pd product} {ergonomic}
    uintx ProfiledCodeHeapSize                     = 122910970                              {pd product} {ergonomic}
    uintx ReservedCodeCacheSize                    = 251658240                              {pd product} {ergonomic}
     bool SegmentedCodeCache                       = true                                      {product} {ergonomic}
     bool UseCompressedClassPointers               = true                                 {lp64_product} {ergonomic}
     bool UseCompressedOops                        = true                                 {lp64_product} {ergonomic}
     bool UseG1GC                                  = true                                      {product} {ergonomic}
     bool UseLargePagesIndividualAllocation        = false                                  {pd product} {ergonomic}

Logging:
Log output configuration:
 #0: stdout all=warning uptime,level,tags
 #1: stderr all=off uptime,level,tags

Environment Variables:
JAVA_HOME=C:\Program Files\Java\jdk-10
PATH=C:\Program Files (x86)\Common Files\Oracle\Java\javapath;C:\Program Files\Common Files\Oracle\Java\javapath;C:\WINDOWS\system32;C:\WINDOWS;C:\WINDOWS\System32\Wbem;C:\WINDOWS\System32\WindowsPowerShell\v1.0\;C:\WINDOWS\System32\OpenSSH\;C:\adb;C:\Program Files\PuTTY\;C:\Program Files (x86)\Windows Kits\10\Windows Performance Toolkit\;C:\Program Files\Git\cmd;C:\Users\grieferpig\AppData\Local\Microsoft\WindowsApps;;C:\Users\grieferpig\AppData\Local\Programs\Microsoft VS Code\bin
USERNAME=grieferpig
OS=Windows_NT
PROCESSOR_IDENTIFIER=Intel64 Family 6 Model 142 Stepping 10, GenuineIntel



---------------  S Y S T E M  ---------------

OS: Windows 10 , 64 bit Build 22454 (10.0.22454.1000)
OS uptime: 2 days 1:22 hours
Hyper-V role detected

CPU:total 8 (initial active 8) (4 cores per cpu, 2 threads per core) family 6 model 142 stepping 10 microcode 0xe8, cmov, cx8, fxsr, mmx, sse, sse2, sse3, ssse3, sse4.1, sse4.2, popcnt, avx, avx2, aes, clmul, erms, 3dnowpref, lzcnt, ht, tsc, tscinvbit, bmi1, bmi2, adx, fma

Memory: 4k page, system-wide physical 8108M (2150M free)
TotalPageFile size 12204M (AvailPageFile size 5M)
current process WorkingSet (physical memory assigned to process): 486M, peak: 488M
current process commit charge ("private bytes"): 522M, peak: 525M

vm_info: OpenJDK 64-Bit Server VM (11.0.10+0-b96-7249189) for windows-amd64 JRE (11.0.10+0-b96-7249189), built on Mar 31 2021 21:44:00 by "builder" with MS VC++ 14.0 (VS2015)

END.
